<?xml version="1.0" encoding="UTF-8"?>
<!-- Generated by org.testng.reporters.JUnitXMLReporter -->
<testsuite hostname="SYS-330" ignored="0" name="Test" tests="6" failures="3" timestamp="08 Sep 2018 13:11:59 GMT" time="441.689" errors="0">
  <testcase name="PageLoadinSameWindow" time="6.847" classname="Branch.Interview_TestCases.TestCase6_PageLoad">
    <failure type="java.lang.AssertionError" message="expected [true] but found [false]">
      <![CDATA[java.lang.AssertionError: expected [true] but found [false]
at Branch.Interview_TestCases.TestCase6_PageLoad.PageLoadinSameWindow(TestCase6_PageLoad.java:24)
... Removed 29 stack frames]]>
    </failure>
  </testcase> <!-- PageLoadinSameWindow -->
  <testcase name="AllEmployees" time="58.79" classname="Branch.Interview_TestCases.TestCase2_NameChecks"/>
  <testcase name="AllEmployees" time="56.617" classname="Branch.Interview_TestCases.TestCase_1_AllEmployees">
    <failure type="java.lang.AssertionError" message="null">
      <![CDATA[java.lang.AssertionError: null
at Branch.Interview_TestCases.TestCase_1_AllEmployees.AllEmployees(TestCase_1_AllEmployees.java:42)
... Removed 27 stack frames]]>
    </failure>
  </testcase> <!-- AllEmployees -->
  <testcase name="ErrorPageDisplay" time="38.381" classname="Branch.Interview_TestCases.TestCase4_ErrorPage"/>
  <testcase name="AllEmployees" time="58.496" classname="Branch.Interview_TestCases.TestCase3_DeptCheck"/>
  <testcase name="TwitterPage" time="13.395" classname="Branch.Interview_TestCases.TestCase5_TwitterPage">
    <failure type="java.lang.AssertionError" message="expected [true] but found [false]">
      <![CDATA[java.lang.AssertionError: expected [true] but found [false]
at Branch.Interview_TestCases.TestCase5_TwitterPage.TwitterPage(TestCase5_TwitterPage.java:23)
... Removed 29 stack frames]]>
    </failure>
  </testcase> <!-- TwitterPage -->
</testsuite> <!-- Test -->
